  [1m[36m (2.0ms)[0m  [1mCREATE TABLE "schema_migrations" ("version" varchar(255) NOT NULL) [0m
  [1m[35m (0.2ms)[0m  select sqlite_version(*)
  [1m[36m (1.9ms)[0m  [1mCREATE UNIQUE INDEX "unique_schema_migrations" ON "schema_migrations" ("version")[0m
  [1m[35mActiveRecord::SchemaMigration Load (0.1ms)[0m  SELECT "schema_migrations".* FROM "schema_migrations"
Migrating to CreateUsers (20141206150608)
  [1m[36m (0.1ms)[0m  [1mbegin transaction[0m
  [1m[35m (0.8ms)[0m  CREATE TABLE "users" ("id" INTEGER PRIMARY KEY AUTOINCREMENT NOT NULL, "name" varchar(255), "email" varchar(255), "password" varchar(255), "created_at" datetime, "updated_at" datetime) 
  [1m[36mSQL (0.2ms)[0m  [1mINSERT INTO "schema_migrations" ("version") VALUES (?)[0m  [["version", "20141206150608"]]
  [1m[35m (1.6ms)[0m  commit transaction
Migrating to RemoveEmailFromUser (20141206150950)
  [1m[36m (0.4ms)[0m  [1mbegin transaction[0m
  [1m[35m (2.4ms)[0m  CREATE TEMPORARY TABLE "ausers" ("id" INTEGER PRIMARY KEY AUTOINCREMENT NOT NULL, "name" varchar(255), "email" varchar(255), "password" varchar(255), "created_at" datetime, "updated_at" datetime) 
  [1m[36m (0.2ms)[0m  [1mSELECT * FROM "users"[0m
  [1m[35m (0.6ms)[0m  DROP TABLE "users"
  [1m[36m (0.3ms)[0m  [1mCREATE TABLE "users" ("id" INTEGER PRIMARY KEY AUTOINCREMENT NOT NULL, "name" varchar(255), "password" varchar(255), "created_at" datetime, "updated_at" datetime) [0m
  [1m[35m (0.2ms)[0m  SELECT * FROM "ausers"
  [1m[36m (0.8ms)[0m  [1mDROP TABLE "ausers"[0m
  [1m[35mSQL (1.1ms)[0m  INSERT INTO "schema_migrations" ("version") VALUES (?)  [["version", "20141206150950"]]
  [1m[36m (10.1ms)[0m  [1mcommit transaction[0m
  [1m[35mActiveRecord::SchemaMigration Load (0.2ms)[0m  SELECT "schema_migrations".* FROM "schema_migrations"
  [1m[36mActiveRecord::SchemaMigration Load (0.4ms)[0m  [1mSELECT "schema_migrations".* FROM "schema_migrations"[0m
Migrating to AddDeviseToUsers (20141206223027)
  [1m[35m (0.1ms)[0m  begin transaction
  [1m[36m (0.8ms)[0m  [1mALTER TABLE "users" ADD "email" varchar(255) DEFAULT '' NOT NULL[0m
  [1m[35m (0.2ms)[0m  ALTER TABLE "users" ADD "encrypted_password" varchar(255) DEFAULT '' NOT NULL
  [1m[36m (0.2ms)[0m  [1mALTER TABLE "users" ADD "reset_password_token" varchar(255)[0m
  [1m[35m (0.2ms)[0m  ALTER TABLE "users" ADD "reset_password_sent_at" datetime
  [1m[36m (0.2ms)[0m  [1mALTER TABLE "users" ADD "remember_created_at" datetime[0m
  [1m[35m (0.4ms)[0m  ALTER TABLE "users" ADD "sign_in_count" integer DEFAULT 0 NOT NULL
  [1m[36m (0.2ms)[0m  [1mALTER TABLE "users" ADD "current_sign_in_at" datetime[0m
  [1m[35m (0.2ms)[0m  ALTER TABLE "users" ADD "last_sign_in_at" datetime
  [1m[36m (0.2ms)[0m  [1mALTER TABLE "users" ADD "current_sign_in_ip" varchar(255)[0m
  [1m[35m (0.2ms)[0m  ALTER TABLE "users" ADD "last_sign_in_ip" varchar(255)
  [1m[36m (0.1ms)[0m  [1mselect sqlite_version(*)[0m
  [1m[35m (1.5ms)[0m  CREATE UNIQUE INDEX "index_users_on_email" ON "users" ("email")
  [1m[36m (0.1ms)[0m  [1m            SELECT sql
            FROM sqlite_master
            WHERE name='index_users_on_email' AND type='index'
            UNION ALL
            SELECT sql
            FROM sqlite_temp_master
            WHERE name='index_users_on_email' AND type='index'
[0m
  [1m[35m (0.2ms)[0m  CREATE UNIQUE INDEX "index_users_on_reset_password_token" ON "users" ("reset_password_token")
  [1m[36mSQL (0.3ms)[0m  [1mINSERT INTO "schema_migrations" ("version") VALUES (?)[0m  [["version", "20141206223027"]]
  [1m[35m (48.5ms)[0m  commit transaction
  [1m[36mActiveRecord::SchemaMigration Load (0.2ms)[0m  [1mSELECT "schema_migrations".* FROM "schema_migrations"[0m
  [1m[35m (0.1ms)[0m              SELECT sql
            FROM sqlite_master
            WHERE name='index_users_on_reset_password_token' AND type='index'
            UNION ALL
            SELECT sql
            FROM sqlite_temp_master
            WHERE name='index_users_on_reset_password_token' AND type='index'

  [1m[36m (0.1ms)[0m  [1m            SELECT sql
            FROM sqlite_master
            WHERE name='index_users_on_email' AND type='index'
            UNION ALL
            SELECT sql
            FROM sqlite_temp_master
            WHERE name='index_users_on_email' AND type='index'
[0m


Started GET "/users/sign_up" for 127.0.0.1 at 2014-12-06 17:31:27 -0500
  [1m[36mActiveRecord::SchemaMigration Load (0.1ms)[0m  [1mSELECT "schema_migrations".* FROM "schema_migrations"[0m
Processing by Devise::RegistrationsController#new as HTML
  Rendered /Users/macuser/.rbenv/versions/2.1.2/lib/ruby/gems/2.1.0/gems/devise-3.4.1/app/views/devise/shared/_links.html.erb (1.5ms)
  Rendered /Users/macuser/.rbenv/versions/2.1.2/lib/ruby/gems/2.1.0/gems/devise-3.4.1/app/views/devise/registrations/new.html.erb within layouts/application (109.8ms)
Completed 200 OK in 1386ms (Views: 1369.2ms | ActiveRecord: 0.4ms)


Started GET "/assets/jquery_ujs.js?body=1" for 127.0.0.1 at 2014-12-06 17:31:28 -0500


Started GET "/assets/jquery.js?body=1" for 127.0.0.1 at 2014-12-06 17:31:28 -0500


Started GET "/assets/application.js?body=1" for 127.0.0.1 at 2014-12-06 17:31:28 -0500


Started GET "/assets/turbolinks.js?body=1" for 127.0.0.1 at 2014-12-06 17:31:28 -0500


Started GET "/assets/application.css?body=1" for 127.0.0.1 at 2014-12-06 17:31:28 -0500


Started GET "/assets/scaffolds.css?body=1" for 127.0.0.1 at 2014-12-06 17:31:28 -0500


Started GET "/assets/users.css?body=1" for 127.0.0.1 at 2014-12-06 17:31:29 -0500


Started GET "/assets/users.js?body=1" for 127.0.0.1 at 2014-12-06 17:31:29 -0500


Started POST "/users" for 127.0.0.1 at 2014-12-06 17:31:38 -0500
Processing by Devise::RegistrationsController#create as HTML
  Parameters: {"utf8"=>"✓", "authenticity_token"=>"QLzBJ/gKep0F3pLp0wBplITot4KPd24mz94CI0bnEZw=", "user"=>{"email"=>"tarefasimple@gmail.com", "password"=>"[FILTERED]", "password_confirmation"=>"[FILTERED]"}, "commit"=>"Sign up"}
  [1m[35m (0.1ms)[0m  begin transaction
  [1m[36mUser Exists (0.2ms)[0m  [1mSELECT  1 AS one FROM "users"  WHERE "users"."email" = 'tarefasimple@gmail.com' LIMIT 1[0m
Binary data inserted for `string` type on column `encrypted_password`
  [1m[35mSQL (0.5ms)[0m  INSERT INTO "users" ("created_at", "email", "encrypted_password", "updated_at") VALUES (?, ?, ?, ?)  [["created_at", "2014-12-06 22:31:38.323003"], ["email", "tarefasimple@gmail.com"], ["encrypted_password", "$2a$10$WjdR6lYGHI9ZnX.MVF4A/.CKsRDlhgKiMZ2zgsdw8VAFlq1CYKmT."], ["updated_at", "2014-12-06 22:31:38.323003"]]
  [1m[36m (1.8ms)[0m  [1mcommit transaction[0m
  [1m[35m (0.1ms)[0m  begin transaction
Binary data inserted for `string` type on column `current_sign_in_ip`
Binary data inserted for `string` type on column `last_sign_in_ip`
  [1m[36mSQL (0.4ms)[0m  [1mUPDATE "users" SET "current_sign_in_at" = ?, "current_sign_in_ip" = ?, "last_sign_in_at" = ?, "last_sign_in_ip" = ?, "sign_in_count" = ?, "updated_at" = ? WHERE "users"."id" = 1[0m  [["current_sign_in_at", "2014-12-06 22:31:38.329798"], ["current_sign_in_ip", "127.0.0.1"], ["last_sign_in_at", "2014-12-06 22:31:38.329798"], ["last_sign_in_ip", "127.0.0.1"], ["sign_in_count", 1], ["updated_at", "2014-12-06 22:31:38.330862"]]
  [1m[35m (1.3ms)[0m  commit transaction
Redirected to http://localhost:3000/
Completed 302 Found in 185ms (ActiveRecord: 4.3ms)


Started GET "/" for 127.0.0.1 at 2014-12-06 17:31:38 -0500
Processing by Rails::WelcomeController#index as HTML
  Rendered /Users/macuser/.rbenv/versions/2.1.2/lib/ruby/gems/2.1.0/gems/railties-4.1.8/lib/rails/templates/rails/welcome/index.html.erb (1.8ms)
Completed 200 OK in 23ms (Views: 22.3ms | ActiveRecord: 0.0ms)


Started GET "/users" for 127.0.0.1 at 2014-12-06 17:31:41 -0500
Processing by UsersController#index as HTML
  [1m[36mUser Load (0.2ms)[0m  [1mSELECT "users".* FROM "users"[0m
  Rendered users/index.html.erb within layouts/application (2.6ms)
Completed 200 OK in 82ms (Views: 80.3ms | ActiveRecord: 0.2ms)


Started GET "/assets/users.css?body=1" for 127.0.0.1 at 2014-12-06 17:31:41 -0500


Started GET "/assets/users.js?body=1" for 127.0.0.1 at 2014-12-06 17:31:41 -0500


Started GET "/assets/jquery_ujs.js?body=1" for 127.0.0.1 at 2014-12-06 17:31:41 -0500


Started GET "/assets/jquery.js?body=1" for 127.0.0.1 at 2014-12-06 17:31:41 -0500


Started GET "/assets/turbolinks.js?body=1" for 127.0.0.1 at 2014-12-06 17:31:41 -0500


Started GET "/assets/application.css?body=1" for 127.0.0.1 at 2014-12-06 17:31:41 -0500


Started GET "/assets/application.js?body=1" for 127.0.0.1 at 2014-12-06 17:31:41 -0500


Started GET "/" for 127.0.0.1 at 2014-12-06 17:35:13 -0500
Processing by Rails::WelcomeController#index as HTML
  Rendered /Users/macuser/.rbenv/versions/2.1.2/lib/ruby/gems/2.1.0/gems/railties-4.1.8/lib/rails/templates/rails/welcome/index.html.erb (0.1ms)
Completed 200 OK in 3ms (Views: 1.8ms | ActiveRecord: 0.0ms)
